  [1m[35m (97.0ms)[0m  [1m[35mCREATE DATABASE "RedditClone_development" ENCODING = 'unicode'[0m
  [1m[35m (39.1ms)[0m  [1m[35mCREATE DATABASE "RedditClone_test" ENCODING = 'unicode'[0m
  [1m[35m (6.7ms)[0m  [1m[35mCREATE TABLE "schema_migrations" ("version" character varying NOT NULL PRIMARY KEY)[0m
  [1m[35m (2.7ms)[0m  [1m[35mCREATE TABLE "ar_internal_metadata" ("key" character varying NOT NULL PRIMARY KEY, "value" character varying, "created_at" timestamp(6) NOT NULL, "updated_at" timestamp(6) NOT NULL)[0m
  [1m[35m (0.1ms)[0m  [1m[34mSELECT pg_try_advisory_lock(6711173107426626090)[0m
  [1m[36mActiveRecord::SchemaMigration Pluck (0.3ms)[0m  [1m[34mSELECT "schema_migrations"."version" FROM "schema_migrations" ORDER BY "schema_migrations"."version" ASC[0m
Migrating to CreateUsers (20230811174916)
  [1m[36mTRANSACTION (0.1ms)[0m  [1m[35mBEGIN[0m
  [1m[35m (3.5ms)[0m  [1m[35mCREATE TABLE "users" ("id" bigserial primary key, "username" character varying NOT NULL, "password_digest" character varying NOT NULL, "session_token" character varying NOT NULL, "created_at" timestamp(6) NOT NULL, "updated_at" timestamp(6) NOT NULL)[0m
  [1m[35m (0.9ms)[0m  [1m[35mCREATE UNIQUE INDEX "index_users_on_username" ON "users" ("username")[0m
  [1m[35m (0.4ms)[0m  [1m[35mCREATE UNIQUE INDEX "index_users_on_session_token" ON "users" ("session_token")[0m
  [1m[36mActiveRecord::SchemaMigration Create (0.5ms)[0m  [1m[32mINSERT INTO "schema_migrations" ("version") VALUES ($1) RETURNING "version"[0m  [["version", "20230811174916"]]
  [1m[36mTRANSACTION (0.1ms)[0m  [1m[35mCOMMIT[0m
  [1m[36mActiveRecord::InternalMetadata Load (0.2ms)[0m  [1m[34mSELECT "ar_internal_metadata".* FROM "ar_internal_metadata" WHERE "ar_internal_metadata"."key" = $1 LIMIT $2[0m  [["key", "environment"], ["LIMIT", 1]]
  [1m[36mTRANSACTION (0.1ms)[0m  [1m[35mBEGIN[0m
  [1m[36mActiveRecord::InternalMetadata Create (1.5ms)[0m  [1m[32mINSERT INTO "ar_internal_metadata" ("key", "value", "created_at", "updated_at") VALUES ($1, $2, $3, $4) RETURNING "key"[0m  [["key", "environment"], ["value", "development"], ["created_at", "2023-08-11 17:51:42.604577"], ["updated_at", "2023-08-11 17:51:42.604577"]]
  [1m[36mTRANSACTION (0.2ms)[0m  [1m[35mCOMMIT[0m
  [1m[35m (0.2ms)[0m  [1m[34mSELECT pg_advisory_unlock(6711173107426626090)[0m
  [1m[36mActiveRecord::SchemaMigration Pluck (0.2ms)[0m  [1m[34mSELECT "schema_migrations"."version" FROM "schema_migrations" ORDER BY "schema_migrations"."version" ASC[0m
  [1m[36mActiveRecord::SchemaMigration Pluck (1.0ms)[0m  [1m[34mSELECT "schema_migrations"."version" FROM "schema_migrations" ORDER BY "schema_migrations"."version" ASC[0m
Started GET "/" for ::1 at 2023-08-11 15:07:22 -0400
  [1m[36mActiveRecord::SchemaMigration Pluck (0.7ms)[0m  [1m[34mSELECT "schema_migrations"."version" FROM "schema_migrations" ORDER BY "schema_migrations"."version" ASC[0m
Processing by Rails::WelcomeController#index as HTML
  Rendering /Users/alexbrown/.rbenv/versions/3.1.1/lib/ruby/gems/3.1.0/gems/railties-7.0.7/lib/rails/templates/rails/welcome/index.html.erb
  Rendered /Users/alexbrown/.rbenv/versions/3.1.1/lib/ruby/gems/3.1.0/gems/railties-7.0.7/lib/rails/templates/rails/welcome/index.html.erb (Duration: 0.9ms | Allocations: 583)
Completed 200 OK in 7ms (Views: 2.7ms | ActiveRecord: 0.0ms | Allocations: 4860)


Started GET "/user" for ::1 at 2023-08-11 15:07:33 -0400
  
ActionController::RoutingError (No route matches [GET] "/user"):
  
Started GET "/" for ::1 at 2023-08-11 15:07:38 -0400
Processing by Rails::WelcomeController#index as HTML
  Rendering /Users/alexbrown/.rbenv/versions/3.1.1/lib/ruby/gems/3.1.0/gems/railties-7.0.7/lib/rails/templates/rails/welcome/index.html.erb
  Rendered /Users/alexbrown/.rbenv/versions/3.1.1/lib/ruby/gems/3.1.0/gems/railties-7.0.7/lib/rails/templates/rails/welcome/index.html.erb (Duration: 1.4ms | Allocations: 296)
Completed 200 OK in 6ms (Views: 3.6ms | ActiveRecord: 0.0ms | Allocations: 958)


Started GET "/users" for ::1 at 2023-08-11 15:07:43 -0400

AbstractController::ActionNotFound - The action 'index' could not be found for UsersController:

Started POST "/__better_errors/95476627aea846c4/variables" for ::1 at 2023-08-11 15:07:43 -0400
Started GET "/users" for ::1 at 2023-08-11 15:09:16 -0400
Processing by UsersController#index as HTML
  Rendering layout layouts/application.html.erb
  Rendering users/index.html.erb within layouts/application
  Rendered users/index.html.erb within layouts/application (Duration: 0.3ms | Allocations: 121)
  Rendered layout layouts/application.html.erb (Duration: 10.8ms | Allocations: 6823)
Completed 200 OK in 13ms (Views: 11.7ms | ActiveRecord: 0.0ms | Allocations: 8845)


Started GET "/users" for ::1 at 2023-08-11 15:10:21 -0400
Processing by UsersController#index as HTML
  Rendering layout layouts/application.html.erb
  Rendering users/index.html.erb within layouts/application
  Rendered users/index.html.erb within layouts/application (Duration: 0.9ms | Allocations: 120)
  Rendered layout layouts/application.html.erb (Duration: 7.1ms | Allocations: 1974)
Completed 200 OK in 10ms (Views: 9.8ms | ActiveRecord: 0.0ms | Allocations: 2796)


Started GET "/session/new" for ::1 at 2023-08-11 15:10:27 -0400
Processing by SessionsController#new as HTML
Completed 500 Internal Server Error in 13ms (ActiveRecord: 5.1ms | Allocations: 7061)



ActionView::MissingTemplate - Missing template sessions/new, application/new with {:locale=>[:en], :formats=>[:html], :variants=>[], :handlers=>[:raw, :erb, :html, :builder, :ruby]}.
Searched in:
  * "/Users/alexbrown/Documents/app-academy/classwork/W7D5/practice-for-ch-rails-reddit-long-practice-main/RedditClone/app/views"
Did you mean?  users/index
               layouts/application:
  app/controllers/sessions_controller.rb:7:in `new'

Started POST "/__better_errors/45f0d192e2f2a607/variables" for ::1 at 2023-08-11 15:10:27 -0400
